Arguments: 
  C:\Program Files\nodejs\node.exe C:\Users\harde\AppData\Roaming\npm\node_modules\yarn\bin\yarn.js add @types/easeljs @types/preloadjs @types/soundsjs @types/tweenjs --save-dev

PATH: 
  C:\Program Files (x86)\Common Files\Oracle\Java\javapath;C:\oraclexe\app\oracle\product\11.2.0\server\bin;C:\ProgramData\Oracle\Java\javapath;C:\WINDOWS\system32;C:\WINDOWS;C:\WINDOWS\System32\Wbem;C:\WINDOWS\System32\WindowsPowerShell\v1.0\;C:\WINDOWS\system32\config\systemprofile\.dnx\bin;C:\Program Files\Microsoft DNX\Dnvm\;C:\Program Files\Microsoft SQL Server\130\Tools\Binn\;C:\Program Files\nodejs\;C:\WINDOWS\System32\OpenSSH\;C:\Program Files\Git\cmd;C:\Program Files\Git\mingw64\bin;C:\Program Files\Git\usr\bin;C:\Users\harde\AppData\Local\Programs\Python\Python37\Scripts\;C:\Users\harde\AppData\Local\Programs\Python\Python37\;C:\Users\harde\AppData\Local\Microsoft\WindowsApps;C:\Program Files\Java\jdk1.8.0_162\bin;C:\Users\harde\AppData\Local\GitHubDesktop\bin;C:\Users\harde\AppData\Roaming\npm;C:\Program Files\Microsoft VS Code\bin;C:\Users\harde\AppData\Local\Microsoft\WindowsApps;

Yarn version: 
  1.7.0

Node version: 
  8.11.1

Platform: 
  win32 x64

Trace: 
  Error: https://registry.yarnpkg.com/@types%2fsoundsjs: Not found
      at Request.params.callback [as _callback] (C:\Users\harde\AppData\Roaming\npm\node_modules\yarn\lib\cli.js:65656:18)
      at Request.self.callback (C:\Users\harde\AppData\Roaming\npm\node_modules\yarn\lib\cli.js:134675:22)
      at emitTwo (events.js:126:13)
      at Request.emit (events.js:214:7)
      at Request.<anonymous> (C:\Users\harde\AppData\Roaming\npm\node_modules\yarn\lib\cli.js:135658:10)
      at emitOne (events.js:116:13)
      at Request.emit (events.js:211:7)
      at IncomingMessage.<anonymous> (C:\Users\harde\AppData\Roaming\npm\node_modules\yarn\lib\cli.js:135578:12)
      at Object.onceWrapper (events.js:313:30)
      at emitNone (events.js:111:20)

npm manifest: 
  {
    "name": "tttutorialspractice",
    "version": "1.0.0",
    "description": "Here i am doing practice of tutorials of professor",
    "main": "index.js",
    "scripts": {
      "test": "echo \"Error: no test specified\" && exit 1"
    },
    "repository": {
      "type": "git",
      "url": "git+https://github.com/hardy91/redesigned-broccoli.git"
    },
    "author": "",
    "license": "ISC",
    "bugs": {
      "url": "https://github.com/hardy91/redesigned-broccoli/issues"
    },
    "homepage": "https://github.com/hardy91/redesigned-broccoli#readme",
    "devDependencies": {
      "@types/easeljs": "^1.0.0"
    },
    "dependencies": {
      "easeljs": "^1.0.2",
      "preloadjs": "^1.0.1",
      "soundjs": "^1.0.1",
      "tweenjs": "^1.0.2"
    }
  }

yarn manifest: 
  No manifest

Lockfile: 
  # THIS IS AN AUTOGENERATED FILE. DO NOT EDIT THIS FILE DIRECTLY.
  # yarn lockfile v1
  
  
  "@types/createjs-lib@*":
    version "0.0.29"
    resolved "https://registry.yarnpkg.com/@types/createjs-lib/-/createjs-lib-0.0.29.tgz#fae82e3ba8606663b190e789cec7d9c728fc41d7"
  
  "@types/easeljs@^1.0.0":
    version "1.0.0"
    resolved "https://registry.yarnpkg.com/@types/easeljs/-/easeljs-1.0.0.tgz#b339ca0a8d0148819831b0140254d697fd46d974"
    dependencies:
      "@types/createjs-lib" "*"
      "@types/tweenjs" "*"
  
  "@types/tweenjs@*":
    version "1.0.0"
    resolved "https://registry.yarnpkg.com/@types/tweenjs/-/tweenjs-1.0.0.tgz#a27b9e6abe27bac19ebbdb7de1d98c31ac40c064"
    dependencies:
      "@types/createjs-lib" "*"
  
  easeljs@^1.0.2:
    version "1.0.2"
    resolved "https://registry.yarnpkg.com/easeljs/-/easeljs-1.0.2.tgz#68fdcc69d0f217394e2ebf51ae047428a81240de"
  
  preloadjs@^1.0.1:
    version "1.0.1"
    resolved "https://registry.yarnpkg.com/preloadjs/-/preloadjs-1.0.1.tgz#71d14e94a8c94b1f6def2b01891d6bcd7e788c5d"
  
  soundjs@^1.0.1:
    version "1.0.1"
    resolved "https://registry.yarnpkg.com/soundjs/-/soundjs-1.0.1.tgz#99970542d28d0df2a1ebd061ae75c961a98c8180"
  
  tweenjs@^1.0.2:
    version "1.0.2"
    resolved "https://registry.yarnpkg.com/tweenjs/-/tweenjs-1.0.2.tgz#768869c4d4ba91fdb4c5ccc661969c58138555af"
